Removed Pin From Net: NetName=SPI1_SCLK Pin=J1-2
Removed Pin From Net: NetName=SPI1_MISO Pin=J1-3
Removed Pin From Net: NetName=SPI1_MOSI Pin=J1-4
Removed Pin From Net: NetName=-Z_DEPLOY_SW_1 Pin=J1-17
Removed Pin From Net: NetName=-Z_DEPLOY_SW_2 Pin=J1-18
Removed Pin From Net: NetName=I2C2_SCL Pin=J1-19
Removed Pin From Net: NetName=I2C2_SDA Pin=J1-20
Removed Pin From Net: NetName=-Z_THERMISTOR Pin=J1-22
Removed Pin From Net: NetName=-Z_CIC Pin=J1-24
Removed Pin From Net: NetName=TX_PA_CURRENT Pin=J1-33
Removed Pin From Net: NetName=TX_TEMP Pin=J1-34
Removed Pin From Net: NetName=VGA_CTRL Pin=J1-36
Removed Pin From Net: NetName=ICR_RSSI Pin=J1-37
Removed Pin From Net: NetName=TLM_DATA Pin=J1-38
Removed Pin From Net: NetName=CMD_H/W_Bit_0 Pin=J1-40
Removed Pin From Net: NetName=CMD_H/W_Bit_1 Pin=J1-41
Removed Pin From Net: NetName=CMD_H/W_Bit_2 Pin=J1-42
Removed Pin From Net: NetName=CMD_H/W_Bit_3 Pin=J1-43
Removed Pin From Net: NetName=CMD_H/W_BITS_STROBE Pin=J1-44
Removed Pin From Net: NetName=RX/TX_CNTL Pin=J1-45
Removed Pin From Net: NetName=SPI1_SS Pin=J1-46
Removed Pin From Net: NetName=PB_ENABLE Pin=J1-47
Removed Pin From Net: NetName=TX_PWR_FWD Pin=J1-48
Removed Pin From Net: NetName=CMD_SERIAL_DATA Pin=J1-49
Removed Pin From Net: NetName=SENSOR_PWR Pin=J1-51
Removed Pin From Net: NetName=TLM_ENABLE Pin=J1-52
Removed Pin From Net: NetName=MODEM_CXR_DET Pin=J1-53
Removed Pin From Net: NetName=TX_PWR_RFLT Pin=J1-58
Removed Member From Class: ClassName=Sheet1 Member=J1
Added Pin To Net: NetName=Vbatt Pin=C68-1
Added Pin To Net: NetName=Vbatt Pin=IC18-5
Added Pin To Net: NetName=Vbatt Pin=IC18-8
Added Pin To Net: NetName=Vbatt Pin=J2-29
Added Pin To Net: NetName=Vbatt Pin=J2-30
Added Pin To Net: NetName=GND Pin=J2-31
Added Pin To Net: NetName=GND Pin=J2-32
Added Pin To Net: NetName=Vbatt Pin=J2-61
Added Pin To Net: NetName=Vbatt Pin=J2-62
Added Pin To Net: NetName=GND Pin=J2-63
Added Pin To Net: NetName=GND Pin=J2-64
Added Member To Class: ClassName=Mixers and IF Member=Component C164 Cap
Added Room: Name=Mixers and IF
Added Room: Name=PA
Added Room: Name=Sheet1
Added Room: Name=TELEMETRY
