Change Component Designator: Old Designator=*? New Designator=*100
Change Component Designator: Old Designator=C? New Designator=C100
Change Component Designator: Old Designator=C? New Designator=C101
Change Component Designator: Old Designator=C? New Designator=C102
Change Component Designator: Old Designator=C? New Designator=C103
Change Component Designator: Old Designator=C? New Designator=C104
Change Component Designator: Old Designator=C? New Designator=C105
Change Component Designator: Old Designator=C? New Designator=C106
Change Component Designator: Old Designator=C? New Designator=C107
Change Component Designator: Old Designator=C? New Designator=C108
Change Component Designator: Old Designator=C? New Designator=C109
Change Component Designator: Old Designator=C? New Designator=C110
Change Component Designator: Old Designator=C? New Designator=C111
Change Component Designator: Old Designator=C? New Designator=C112
Change Component Designator: Old Designator=C? New Designator=C113
Change Component Designator: Old Designator=C? New Designator=C114
Change Component Designator: Old Designator=C? New Designator=C115
Change Component Designator: Old Designator=C? New Designator=C116
Change Component Designator: Old Designator=C? New Designator=C117
Change Component Designator: Old Designator=C? New Designator=C118
Change Component Designator: Old Designator=C? New Designator=C119
Change Component Designator: Old Designator=C? New Designator=C120
Change Component Designator: Old Designator=C? New Designator=C121
Change Component Designator: Old Designator=C? New Designator=C122
Change Component Designator: Old Designator=C? New Designator=C123
Change Component Designator: Old Designator=C? New Designator=C124
Change Component Designator: Old Designator=C? New Designator=C125
Change Component Designator: Old Designator=C? New Designator=C126
Change Component Designator: Old Designator=C? New Designator=C127
Change Component Designator: Old Designator=C? New Designator=C128
Change Component Designator: Old Designator=C? New Designator=C129
Change Component Designator: Old Designator=C? New Designator=C130
Change Component Designator: Old Designator=C? New Designator=C131
Change Component Designator: Old Designator=C? New Designator=C132
Change Component Designator: Old Designator=C? New Designator=C133
Change Component Designator: Old Designator=C? New Designator=C134
Change Component Designator: Old Designator=C? New Designator=C135
Change Component Designator: Old Designator=C? New Designator=C136
Change Component Designator: Old Designator=C? New Designator=C137
Change Component Designator: Old Designator=C? New Designator=C138
Change Component Designator: Old Designator=IC? New Designator=IC100
Change Component Designator: Old Designator=IC? New Designator=IC101
Change Component Designator: Old Designator=IC? New Designator=IC102
Change Component Designator: Old Designator=IC? New Designator=IC103
Change Component Designator: Old Designator=IC? New Designator=IC104
Change Component Designator: Old Designator=IC? New Designator=IC105
Change Component Designator: Old Designator=IC? New Designator=IC106
Change Component Designator: Old Designator=L? New Designator=L100
Change Component Designator: Old Designator=L? New Designator=L101
Change Component Designator: Old Designator=L? New Designator=L102
Change Component Designator: Old Designator=L? New Designator=L103
Change Component Designator: Old Designator=L? New Designator=L104
Change Component Designator: Old Designator=L? New Designator=L105
Change Component Designator: Old Designator=L? New Designator=L106
Change Component Designator: Old Designator=L? New Designator=L107
Change Component Designator: Old Designator=L? New Designator=L108
Change Component Designator: Old Designator=L? New Designator=L109
Change Component Designator: Old Designator=L? New Designator=L110
Change Component Designator: Old Designator=L? New Designator=L111
Change Component Designator: Old Designator=L? New Designator=L112
Change Component Designator: Old Designator=L? New Designator=L113
Change Component Designator: Old Designator=L? New Designator=L114
Change Component Designator: Old Designator=L? New Designator=L115
Change Component Designator: Old Designator=L? New Designator=L116
Change Component Designator: Old Designator=R? New Designator=R100
Change Component Designator: Old Designator=R? New Designator=R101
Change Component Designator: Old Designator=R? New Designator=R102
Change Component Designator: Old Designator=R? New Designator=R103
Change Component Designator: Old Designator=R? New Designator=R104
Change Component Designator: Old Designator=R? New Designator=R105
Change Component Designator: Old Designator=R? New Designator=R106
Change Component Designator: Old Designator=R? New Designator=R107
Change Component Designator: Old Designator=R? New Designator=R108
Change Component Designator: Old Designator=R? New Designator=R109
Change Component Designator: Old Designator=R? New Designator=R110
Change Component Designator: Old Designator=R? New Designator=R111
Change Component Designator: Old Designator=R? New Designator=R112
Change Component Designator: Old Designator=R? New Designator=R113
Change Component Designator: Old Designator=R? New Designator=R114
Change Component Designator: Old Designator=R? New Designator=R115
Change Component Designator: Old Designator=R? New Designator=R116
Change Component Designator: Old Designator=R? New Designator=R117
Change Component Designator: Old Designator=R? New Designator=R118
Change Component Designator: Old Designator=R? New Designator=R119
Change Component Designator: Old Designator=R? New Designator=R120
Change Component Designator: Old Designator=R? New Designator=R121
Change Component Designator: Old Designator=R? New Designator=R122
Change Component Designator: Old Designator=R? New Designator=R123
Change Component Designator: Old Designator=R? New Designator=R124
Change Component Designator: Old Designator=R? New Designator=R125
Change Component Designator: Old Designator=T? New Designator=T100
Change Component Designator: Old Designator=T? New Designator=T101
Change Component Designator: Old Designator=T? New Designator=T102
Change Component Designator: Old Designator=T? New Designator=T103
Change Component Designator: Old Designator=Y? New Designator=Y100
Change Component Designator: Old Designator=Y? New Designator=Y101
Change Component Designator: Old Designator=Y? New Designator=Y102
Change Component Designator: Old Designator=Y? New Designator=Y103
